<?xml version="1.0" encoding="UTF-8"?>
<!-- Generated by org.testng.reporters.JUnitReportReporter -->
<testsuite hostname="RAMYA-PC" name="tests.LoginTestTestNG" tests="1" failures="0" timestamp="23 May 2020 05:21:27 GMT" time="10.187" errors="0">
  <testcase name="LoginTestCase" time="10.187" classname="tests.LoginTestTestNG"/>
</testsuite> <!-- tests.LoginTestTestNG -->
